<?xml version="1.0" encoding="UTF-8"?>
<testsuite xmlns:xsi="http://www.w3.org/2001/XMLSchema-instance" xsi:noNamespaceSchemaLocation="https://maven.apache.org/surefire/maven-surefire-plugin/xsd/surefire-test-report.xsd" name="com.github.themeetgroup.kafka.connect.rabbitmq.source.data.MessageConverterTest" time="0.268" tests="12" errors="0" skipped="0" failures="0">
  <properties>
    <property name="awt.toolkit" value="sun.awt.X11.XToolkit"/>
    <property name="java.specification.version" value="11"/>
    <property name="sun.cpu.isalist" value=""/>
    <property name="sun.jnu.encoding" value="UTF-8"/>
    <property name="java.class.path" value="/home/jpmelo/dev/devyx/back/kafka-connectors/kafka-connect-rabbitmq/target/test-classes:/home/jpmelo/dev/devyx/back/kafka-connectors/kafka-connect-rabbitmq/target/classes:/home/jpmelo/.m2/repository/com/rabbitmq/amqp-client/5.18.0/amqp-client-5.18.0.jar:/home/jpmelo/.m2/repository/org/slf4j/slf4j-api/1.7.36/slf4j-api-1.7.36.jar:/home/jpmelo/.m2/repository/com/github/jcustenborder/kafka/connect/connect-utils-testing-data/0.3.148/connect-utils-testing-data-0.3.148.jar:/home/jpmelo/.m2/repository/org/freemarker/freemarker/2.3.25-incubating/freemarker-2.3.25-incubating.jar:/home/jpmelo/.m2/repository/org/apache/avro/avro/1.8.2/avro-1.8.2.jar:/home/jpmelo/.m2/repository/org/codehaus/jackson/jackson-core-asl/1.9.13/jackson-core-asl-1.9.13.jar:/home/jpmelo/.m2/repository/org/codehaus/jackson/jackson-mapper-asl/1.9.13/jackson-mapper-asl-1.9.13.jar:/home/jpmelo/.m2/repository/com/thoughtworks/paranamer/paranamer/2.7/paranamer-2.7.jar:/home/jpmelo/.m2/repository/org/xerial/snappy/snappy-java/1.1.1.3/snappy-java-1.1.1.3.jar:/home/jpmelo/.m2/repository/org/apache/commons/commons-compress/1.8.1/commons-compress-1.8.1.jar:/home/jpmelo/.m2/repository/org/tukaani/xz/1.5/xz-1.5.jar:/home/jpmelo/.m2/repository/io/confluent/kafka-avro-serializer/5.1.4/kafka-avro-serializer-5.1.4.jar:/home/jpmelo/.m2/repository/io/confluent/kafka-schema-registry-client/5.1.4/kafka-schema-registry-client-5.1.4.jar:/home/jpmelo/.m2/repository/io/confluent/common-config/5.1.4/common-config-5.1.4.jar:/home/jpmelo/.m2/repository/io/confluent/common-utils/5.1.4/common-utils-5.1.4.jar:/home/jpmelo/.m2/repository/org/apache/zookeeper/zookeeper/3.4.13/zookeeper-3.4.13.jar:/home/jpmelo/.m2/repository/jline/jline/0.9.94/jline-0.9.94.jar:/home/jpmelo/.m2/repository/org/apache/yetus/audience-annotations/0.5.0/audience-annotations-0.5.0.jar:/home/jpmelo/.m2/repository/io/netty/netty/3.10.6.Final/netty-3.10.6.Final.jar:/home/jpmelo/.m2/repository/com/101tec/zkclient/0.10/zkclient-0.10.jar:/home/jpmelo/.m2/repository/com/palantir/docker/compose/docker-compose-junit-jupiter/1.7.0/docker-compose-junit-jupiter-1.7.0.jar:/home/jpmelo/.m2/repository/com/palantir/docker/compose/docker-compose-rule-junit4/1.7.0/docker-compose-rule-junit4-1.7.0.jar:/home/jpmelo/.m2/repository/junit/junit/4.13.1/junit-4.13.1.jar:/home/jpmelo/.m2/repository/org/hamcrest/hamcrest-core/1.3/hamcrest-core-1.3.jar:/home/jpmelo/.m2/repository/com/palantir/docker/compose/docker-compose-rule-core/1.7.0/docker-compose-rule-core-1.7.0.jar:/home/jpmelo/.m2/repository/com/github/zafarkhaja/java-semver/0.9.0/java-semver-0.9.0.jar:/home/jpmelo/.m2/repository/commons-io/commons-io/2.6/commons-io-2.6.jar:/home/jpmelo/.m2/repository/joda-time/joda-time/2.10.8/joda-time-2.10.8.jar:/home/jpmelo/.m2/repository/org/apache/commons/commons-lang3/3.7/commons-lang3-3.7.jar:/home/jpmelo/.m2/repository/org/awaitility/awaitility/4.0.2/awaitility-4.0.2.jar:/home/jpmelo/.m2/repository/org/hamcrest/hamcrest/2.1/hamcrest-2.1.jar:/home/jpmelo/.m2/repository/com/palantir/docker/compose/docker-compose-rule-events-api-objects/1.7.0/docker-compose-rule-events-api-objects-1.7.0.jar:/home/jpmelo/.m2/repository/com/palantir/conjure/java/conjure-lib/5.67.0/conjure-lib-5.67.0.jar:/home/jpmelo/.m2/repository/com/palantir/ri/resource-identifier/1.3.0/resource-identifier-1.3.0.jar:/home/jpmelo/.m2/repository/com/palantir/tokens/auth-tokens/3.9.0/auth-tokens-3.9.0.jar:/home/jpmelo/.m2/repository/com/palantir/conjure/java/api/errors/2.19.0/errors-2.19.0.jar:/home/jpmelo/.m2/repository/com/google/code/findbugs/jsr305/3.0.2/jsr305-3.0.2.jar:/home/jpmelo/.m2/repository/jakarta/annotation/jakarta.annotation-api/1.3.5/jakarta.annotation-api-1.3.5.jar:/home/jpmelo/.m2/repository/jakarta/ws/rs/jakarta.ws.rs-api/2.1.6/jakarta.ws.rs-api-2.1.6.jar:/home/jpmelo/.m2/repository/com/google/errorprone/error_prone_annotations/2.7.1/error_prone_annotations-2.7.1.jar:/home/jpmelo/.m2/repository/com/fasterxml/jackson/dataformat/jackson-dataformat-yaml/2.12.3/jackson-dataformat-yaml-2.12.3.jar:/home/jpmelo/.m2/repository/org/yaml/snakeyaml/1.27/snakeyaml-1.27.jar:/home/jpmelo/.m2/repository/com/palantir/conjure/java/runtime/conjure-java-jackson-serialization/6.16.0/conjure-java-jackson-serialization-6.16.0.jar:/home/jpmelo/.m2/repository/com/fasterxml/jackson/datatype/jackson-datatype-guava/2.12.3/jackson-datatype-guava-2.12.3.jar:/home/jpmelo/.m2/repository/com/fasterxml/jackson/module/jackson-module-afterburner/2.12.3/jackson-module-afterburner-2.12.3.jar:/home/jpmelo/.m2/repository/com/fasterxml/jackson/datatype/jackson-datatype-jdk8/2.12.3/jackson-datatype-jdk8-2.12.3.jar:/home/jpmelo/.m2/repository/com/fasterxml/jackson/datatype/jackson-datatype-jsr310/2.12.3/jackson-datatype-jsr310-2.12.3.jar:/home/jpmelo/.m2/repository/com/fasterxml/jackson/dataformat/jackson-dataformat-cbor/2.12.3/jackson-dataformat-cbor-2.12.3.jar:/home/jpmelo/.m2/repository/com/palantir/safe-logging/preconditions/1.14.0/preconditions-1.14.0.jar:/home/jpmelo/.m2/repository/com/palantir/safe-logging/safe-logging/1.14.0/safe-logging-1.14.0.jar:/home/jpmelo/.m2/repository/com/fasterxml/jackson/datatype/jackson-datatype-joda/2.12.3/jackson-datatype-joda-2.12.3.jar:/home/jpmelo/.m2/repository/com/fasterxml/jackson/dataformat/jackson-dataformat-smile/2.12.3/jackson-dataformat-smile-2.12.3.jar:/home/jpmelo/.m2/repository/one/util/streamex/0.7.2/streamex-0.7.2.jar:/home/jpmelo/.m2/repository/com/github/jcustenborder/docker-compose-junit-extension/0.1.6/docker-compose-junit-extension-0.1.6.jar:/home/jpmelo/.m2/repository/com/fasterxml/jackson/core/jackson-databind/2.8.5/jackson-databind-2.8.5.jar:/home/jpmelo/.m2/repository/com/fasterxml/jackson/core/jackson-annotations/2.8.0/jackson-annotations-2.8.0.jar:/home/jpmelo/.m2/repository/com/fasterxml/jackson/core/jackson-core/2.8.5/jackson-core-2.8.5.jar:/home/jpmelo/.m2/repository/org/reflections/reflections/0.9.10/reflections-0.9.10.jar:/home/jpmelo/.m2/repository/org/javassist/javassist/3.19.0-GA/javassist-3.19.0-GA.jar:/home/jpmelo/.m2/repository/com/google/code/findbugs/annotations/2.0.1/annotations-2.0.1.jar:/home/jpmelo/.m2/repository/com/google/guava/guava/18.0/guava-18.0.jar:/home/jpmelo/.m2/repository/com/github/jcustenborder/kafka/connect/connect-utils/0.3.148/connect-utils-0.3.148.jar:/home/jpmelo/.m2/repository/org/apache/kafka/connect-api/1.1.0/connect-api-1.1.0.jar:/home/jpmelo/.m2/repository/org/apache/kafka/kafka-clients/1.1.0/kafka-clients-1.1.0.jar:/home/jpmelo/.m2/repository/org/lz4/lz4-java/1.4/lz4-java-1.4.jar:/home/jpmelo/.m2/repository/com/github/jcustenborder/kafka/connect/connect-utils-testing/0.3.148/connect-utils-testing-0.3.148.jar:/home/jpmelo/.m2/repository/com/opencsv/opencsv/3.10/opencsv-3.10.jar:/home/jpmelo/.m2/repository/commons-beanutils/commons-beanutils/1.9.3/commons-beanutils-1.9.3.jar:/home/jpmelo/.m2/repository/commons-logging/commons-logging/1.2/commons-logging-1.2.jar:/home/jpmelo/.m2/repository/commons-collections/commons-collections/3.2.2/commons-collections-3.2.2.jar:/home/jpmelo/.m2/repository/org/junit/jupiter/junit-jupiter-engine/5.2.0/junit-jupiter-engine-5.2.0.jar:/home/jpmelo/.m2/repository/org/apiguardian/apiguardian-api/1.0.0/apiguardian-api-1.0.0.jar:/home/jpmelo/.m2/repository/org/junit/platform/junit-platform-engine/1.2.0/junit-platform-engine-1.2.0.jar:/home/jpmelo/.m2/repository/org/junit/jupiter/junit-jupiter-api/5.2.0/junit-jupiter-api-5.2.0.jar:/home/jpmelo/.m2/repository/org/opentest4j/opentest4j/1.1.0/opentest4j-1.1.0.jar:/home/jpmelo/.m2/repository/org/junit/platform/junit-platform-commons/1.2.0/junit-platform-commons-1.2.0.jar:/home/jpmelo/.m2/repository/org/mockito/mockito-core/3.3.0/mockito-core-3.3.0.jar:/home/jpmelo/.m2/repository/net/bytebuddy/byte-buddy/1.10.5/byte-buddy-1.10.5.jar:/home/jpmelo/.m2/repository/net/bytebuddy/byte-buddy-agent/1.10.5/byte-buddy-agent-1.10.5.jar:/home/jpmelo/.m2/repository/org/objenesis/objenesis/2.6/objenesis-2.6.jar:/home/jpmelo/.m2/repository/ch/qos/logback/logback-classic/1.1.8/logback-classic-1.1.8.jar:/home/jpmelo/.m2/repository/ch/qos/logback/logback-core/1.1.8/logback-core-1.1.8.jar:"/>
    <property name="java.vm.vendor" value="Ubuntu"/>
    <property name="sun.arch.data.model" value="64"/>
    <property name="java.vendor.url" value="https://ubuntu.com/"/>
    <property name="user.timezone" value=""/>
    <property name="java.vm.specification.version" value="11"/>
    <property name="os.name" value="Linux"/>
    <property name="sun.java.launcher" value="SUN_STANDARD"/>
    <property name="user.country" value="BR"/>
    <property name="sun.boot.library.path" value="/usr/lib/jvm/java-11-openjdk-amd64/lib"/>
    <property name="sun.java.command" value="/home/jpmelo/dev/devyx/back/kafka-connectors/kafka-connect-rabbitmq/target/surefire/surefirebooter10470321600537943304.jar /home/jpmelo/dev/devyx/back/kafka-connectors/kafka-connect-rabbitmq/target/surefire 2024-01-16T11-19-52_025-jvmRun1 surefire8816167161127234051tmp surefire_05063631145529563659tmp"/>
    <property name="jdk.debug" value="release"/>
    <property name="surefire.test.class.path" value="/home/jpmelo/dev/devyx/back/kafka-connectors/kafka-connect-rabbitmq/target/test-classes:/home/jpmelo/dev/devyx/back/kafka-connectors/kafka-connect-rabbitmq/target/classes:/home/jpmelo/.m2/repository/com/rabbitmq/amqp-client/5.18.0/amqp-client-5.18.0.jar:/home/jpmelo/.m2/repository/org/slf4j/slf4j-api/1.7.36/slf4j-api-1.7.36.jar:/home/jpmelo/.m2/repository/com/github/jcustenborder/kafka/connect/connect-utils-testing-data/0.3.148/connect-utils-testing-data-0.3.148.jar:/home/jpmelo/.m2/repository/org/freemarker/freemarker/2.3.25-incubating/freemarker-2.3.25-incubating.jar:/home/jpmelo/.m2/repository/org/apache/avro/avro/1.8.2/avro-1.8.2.jar:/home/jpmelo/.m2/repository/org/codehaus/jackson/jackson-core-asl/1.9.13/jackson-core-asl-1.9.13.jar:/home/jpmelo/.m2/repository/org/codehaus/jackson/jackson-mapper-asl/1.9.13/jackson-mapper-asl-1.9.13.jar:/home/jpmelo/.m2/repository/com/thoughtworks/paranamer/paranamer/2.7/paranamer-2.7.jar:/home/jpmelo/.m2/repository/org/xerial/snappy/snappy-java/1.1.1.3/snappy-java-1.1.1.3.jar:/home/jpmelo/.m2/repository/org/apache/commons/commons-compress/1.8.1/commons-compress-1.8.1.jar:/home/jpmelo/.m2/repository/org/tukaani/xz/1.5/xz-1.5.jar:/home/jpmelo/.m2/repository/io/confluent/kafka-avro-serializer/5.1.4/kafka-avro-serializer-5.1.4.jar:/home/jpmelo/.m2/repository/io/confluent/kafka-schema-registry-client/5.1.4/kafka-schema-registry-client-5.1.4.jar:/home/jpmelo/.m2/repository/io/confluent/common-config/5.1.4/common-config-5.1.4.jar:/home/jpmelo/.m2/repository/io/confluent/common-utils/5.1.4/common-utils-5.1.4.jar:/home/jpmelo/.m2/repository/org/apache/zookeeper/zookeeper/3.4.13/zookeeper-3.4.13.jar:/home/jpmelo/.m2/repository/jline/jline/0.9.94/jline-0.9.94.jar:/home/jpmelo/.m2/repository/org/apache/yetus/audience-annotations/0.5.0/audience-annotations-0.5.0.jar:/home/jpmelo/.m2/repository/io/netty/netty/3.10.6.Final/netty-3.10.6.Final.jar:/home/jpmelo/.m2/repository/com/101tec/zkclient/0.10/zkclient-0.10.jar:/home/jpmelo/.m2/repository/com/palantir/docker/compose/docker-compose-junit-jupiter/1.7.0/docker-compose-junit-jupiter-1.7.0.jar:/home/jpmelo/.m2/repository/com/palantir/docker/compose/docker-compose-rule-junit4/1.7.0/docker-compose-rule-junit4-1.7.0.jar:/home/jpmelo/.m2/repository/junit/junit/4.13.1/junit-4.13.1.jar:/home/jpmelo/.m2/repository/org/hamcrest/hamcrest-core/1.3/hamcrest-core-1.3.jar:/home/jpmelo/.m2/repository/com/palantir/docker/compose/docker-compose-rule-core/1.7.0/docker-compose-rule-core-1.7.0.jar:/home/jpmelo/.m2/repository/com/github/zafarkhaja/java-semver/0.9.0/java-semver-0.9.0.jar:/home/jpmelo/.m2/repository/commons-io/commons-io/2.6/commons-io-2.6.jar:/home/jpmelo/.m2/repository/joda-time/joda-time/2.10.8/joda-time-2.10.8.jar:/home/jpmelo/.m2/repository/org/apache/commons/commons-lang3/3.7/commons-lang3-3.7.jar:/home/jpmelo/.m2/repository/org/awaitility/awaitility/4.0.2/awaitility-4.0.2.jar:/home/jpmelo/.m2/repository/org/hamcrest/hamcrest/2.1/hamcrest-2.1.jar:/home/jpmelo/.m2/repository/com/palantir/docker/compose/docker-compose-rule-events-api-objects/1.7.0/docker-compose-rule-events-api-objects-1.7.0.jar:/home/jpmelo/.m2/repository/com/palantir/conjure/java/conjure-lib/5.67.0/conjure-lib-5.67.0.jar:/home/jpmelo/.m2/repository/com/palantir/ri/resource-identifier/1.3.0/resource-identifier-1.3.0.jar:/home/jpmelo/.m2/repository/com/palantir/tokens/auth-tokens/3.9.0/auth-tokens-3.9.0.jar:/home/jpmelo/.m2/repository/com/palantir/conjure/java/api/errors/2.19.0/errors-2.19.0.jar:/home/jpmelo/.m2/repository/com/google/code/findbugs/jsr305/3.0.2/jsr305-3.0.2.jar:/home/jpmelo/.m2/repository/jakarta/annotation/jakarta.annotation-api/1.3.5/jakarta.annotation-api-1.3.5.jar:/home/jpmelo/.m2/repository/jakarta/ws/rs/jakarta.ws.rs-api/2.1.6/jakarta.ws.rs-api-2.1.6.jar:/home/jpmelo/.m2/repository/com/google/errorprone/error_prone_annotations/2.7.1/error_prone_annotations-2.7.1.jar:/home/jpmelo/.m2/repository/com/fasterxml/jackson/dataformat/jackson-dataformat-yaml/2.12.3/jackson-dataformat-yaml-2.12.3.jar:/home/jpmelo/.m2/repository/org/yaml/snakeyaml/1.27/snakeyaml-1.27.jar:/home/jpmelo/.m2/repository/com/palantir/conjure/java/runtime/conjure-java-jackson-serialization/6.16.0/conjure-java-jackson-serialization-6.16.0.jar:/home/jpmelo/.m2/repository/com/fasterxml/jackson/datatype/jackson-datatype-guava/2.12.3/jackson-datatype-guava-2.12.3.jar:/home/jpmelo/.m2/repository/com/fasterxml/jackson/module/jackson-module-afterburner/2.12.3/jackson-module-afterburner-2.12.3.jar:/home/jpmelo/.m2/repository/com/fasterxml/jackson/datatype/jackson-datatype-jdk8/2.12.3/jackson-datatype-jdk8-2.12.3.jar:/home/jpmelo/.m2/repository/com/fasterxml/jackson/datatype/jackson-datatype-jsr310/2.12.3/jackson-datatype-jsr310-2.12.3.jar:/home/jpmelo/.m2/repository/com/fasterxml/jackson/dataformat/jackson-dataformat-cbor/2.12.3/jackson-dataformat-cbor-2.12.3.jar:/home/jpmelo/.m2/repository/com/palantir/safe-logging/preconditions/1.14.0/preconditions-1.14.0.jar:/home/jpmelo/.m2/repository/com/palantir/safe-logging/safe-logging/1.14.0/safe-logging-1.14.0.jar:/home/jpmelo/.m2/repository/com/fasterxml/jackson/datatype/jackson-datatype-joda/2.12.3/jackson-datatype-joda-2.12.3.jar:/home/jpmelo/.m2/repository/com/fasterxml/jackson/dataformat/jackson-dataformat-smile/2.12.3/jackson-dataformat-smile-2.12.3.jar:/home/jpmelo/.m2/repository/one/util/streamex/0.7.2/streamex-0.7.2.jar:/home/jpmelo/.m2/repository/com/github/jcustenborder/docker-compose-junit-extension/0.1.6/docker-compose-junit-extension-0.1.6.jar:/home/jpmelo/.m2/repository/com/fasterxml/jackson/core/jackson-databind/2.8.5/jackson-databind-2.8.5.jar:/home/jpmelo/.m2/repository/com/fasterxml/jackson/core/jackson-annotations/2.8.0/jackson-annotations-2.8.0.jar:/home/jpmelo/.m2/repository/com/fasterxml/jackson/core/jackson-core/2.8.5/jackson-core-2.8.5.jar:/home/jpmelo/.m2/repository/org/reflections/reflections/0.9.10/reflections-0.9.10.jar:/home/jpmelo/.m2/repository/org/javassist/javassist/3.19.0-GA/javassist-3.19.0-GA.jar:/home/jpmelo/.m2/repository/com/google/code/findbugs/annotations/2.0.1/annotations-2.0.1.jar:/home/jpmelo/.m2/repository/com/google/guava/guava/18.0/guava-18.0.jar:/home/jpmelo/.m2/repository/com/github/jcustenborder/kafka/connect/connect-utils/0.3.148/connect-utils-0.3.148.jar:/home/jpmelo/.m2/repository/org/apache/kafka/connect-api/1.1.0/connect-api-1.1.0.jar:/home/jpmelo/.m2/repository/org/apache/kafka/kafka-clients/1.1.0/kafka-clients-1.1.0.jar:/home/jpmelo/.m2/repository/org/lz4/lz4-java/1.4/lz4-java-1.4.jar:/home/jpmelo/.m2/repository/com/github/jcustenborder/kafka/connect/connect-utils-testing/0.3.148/connect-utils-testing-0.3.148.jar:/home/jpmelo/.m2/repository/com/opencsv/opencsv/3.10/opencsv-3.10.jar:/home/jpmelo/.m2/repository/commons-beanutils/commons-beanutils/1.9.3/commons-beanutils-1.9.3.jar:/home/jpmelo/.m2/repository/commons-logging/commons-logging/1.2/commons-logging-1.2.jar:/home/jpmelo/.m2/repository/commons-collections/commons-collections/3.2.2/commons-collections-3.2.2.jar:/home/jpmelo/.m2/repository/org/junit/jupiter/junit-jupiter-engine/5.2.0/junit-jupiter-engine-5.2.0.jar:/home/jpmelo/.m2/repository/org/apiguardian/apiguardian-api/1.0.0/apiguardian-api-1.0.0.jar:/home/jpmelo/.m2/repository/org/junit/platform/junit-platform-engine/1.2.0/junit-platform-engine-1.2.0.jar:/home/jpmelo/.m2/repository/org/junit/jupiter/junit-jupiter-api/5.2.0/junit-jupiter-api-5.2.0.jar:/home/jpmelo/.m2/repository/org/opentest4j/opentest4j/1.1.0/opentest4j-1.1.0.jar:/home/jpmelo/.m2/repository/org/junit/platform/junit-platform-commons/1.2.0/junit-platform-commons-1.2.0.jar:/home/jpmelo/.m2/repository/org/mockito/mockito-core/3.3.0/mockito-core-3.3.0.jar:/home/jpmelo/.m2/repository/net/bytebuddy/byte-buddy/1.10.5/byte-buddy-1.10.5.jar:/home/jpmelo/.m2/repository/net/bytebuddy/byte-buddy-agent/1.10.5/byte-buddy-agent-1.10.5.jar:/home/jpmelo/.m2/repository/org/objenesis/objenesis/2.6/objenesis-2.6.jar:/home/jpmelo/.m2/repository/ch/qos/logback/logback-classic/1.1.8/logback-classic-1.1.8.jar:/home/jpmelo/.m2/repository/ch/qos/logback/logback-core/1.1.8/logback-core-1.1.8.jar:"/>
    <property name="sun.cpu.endian" value="little"/>
    <property name="user.home" value="/home/jpmelo"/>
    <property name="user.language" value="pt"/>
    <property name="java.specification.vendor" value="Oracle Corporation"/>
    <property name="java.version.date" value="2023-10-17"/>
    <property name="java.home" value="/usr/lib/jvm/java-11-openjdk-amd64"/>
    <property name="file.separator" value="/"/>
    <property name="basedir" value="/home/jpmelo/dev/devyx/back/kafka-connectors/kafka-connect-rabbitmq"/>
    <property name="java.vm.compressedOopsMode" value="Zero based"/>
    <property name="line.separator" value="&#10;"/>
    <property name="java.specification.name" value="Java Platform API Specification"/>
    <property name="java.vm.specification.vendor" value="Oracle Corporation"/>
    <property name="java.awt.graphicsenv" value="sun.awt.X11GraphicsEnvironment"/>
    <property name="surefire.real.class.path" value="/home/jpmelo/dev/devyx/back/kafka-connectors/kafka-connect-rabbitmq/target/surefire/surefirebooter10470321600537943304.jar"/>
    <property name="sun.management.compiler" value="HotSpot 64-Bit Tiered Compilers"/>
    <property name="java.runtime.version" value="11.0.21+9-post-Ubuntu-0ubuntu122.04"/>
    <property name="user.name" value="jpmelo"/>
    <property name="path.separator" value=":"/>
    <property name="os.version" value="5.15.0-58-generic"/>
    <property name="java.runtime.name" value="OpenJDK Runtime Environment"/>
    <property name="file.encoding" value="UTF-8"/>
    <property name="java.vm.name" value="OpenJDK 64-Bit Server VM"/>
    <property name="localRepository" value="/home/jpmelo/.m2/repository"/>
    <property name="java.vendor.url.bug" value="https://bugs.launchpad.net/ubuntu/+source/openjdk-lts"/>
    <property name="java.io.tmpdir" value="/tmp"/>
    <property name="java.version" value="11.0.21"/>
    <property name="user.dir" value="/home/jpmelo/dev/devyx/back/kafka-connectors/kafka-connect-rabbitmq"/>
    <property name="os.arch" value="amd64"/>
    <property name="java.vm.specification.name" value="Java Virtual Machine Specification"/>
    <property name="java.awt.printerjob" value="sun.print.PSPrinterJob"/>
    <property name="sun.os.patch.level" value="unknown"/>
    <property name="java.library.path" value="/usr/java/packages/lib:/usr/lib/x86_64-linux-gnu/jni:/lib/x86_64-linux-gnu:/usr/lib/x86_64-linux-gnu:/usr/lib/jni:/lib:/usr/lib"/>
    <property name="java.vm.info" value="mixed mode, sharing"/>
    <property name="java.vendor" value="Ubuntu"/>
    <property name="java.vm.version" value="11.0.21+9-post-Ubuntu-0ubuntu122.04"/>
    <property name="java.specification.maintenance.version" value="2"/>
    <property name="sun.io.unicode.encoding" value="UnicodeLittle"/>
    <property name="java.class.version" value="55.0"/>
  </properties>
  <testcase name="envelope" classname="com.github.themeetgroup.kafka.connect.rabbitmq.source.data.MessageConverterTest" time="0.07"/>
  <testcase name="basicPropertiesNull" classname="com.github.themeetgroup.kafka.connect.rabbitmq.source.data.MessageConverterTest" time="0.002"/>
  <testcase name="headers[1]" classname="com.github.themeetgroup.kafka.connect.rabbitmq.source.data.MessageConverterTest" time="0.162"/>
  <testcase name="headers[2]" classname="com.github.themeetgroup.kafka.connect.rabbitmq.source.data.MessageConverterTest" time="0.001"/>
  <testcase name="headers[3]" classname="com.github.themeetgroup.kafka.connect.rabbitmq.source.data.MessageConverterTest" time="0.001"/>
  <testcase name="headers[4]" classname="com.github.themeetgroup.kafka.connect.rabbitmq.source.data.MessageConverterTest" time="0.001"/>
  <testcase name="headers[5]" classname="com.github.themeetgroup.kafka.connect.rabbitmq.source.data.MessageConverterTest" time="0.002"/>
  <testcase name="headers[6]" classname="com.github.themeetgroup.kafka.connect.rabbitmq.source.data.MessageConverterTest" time="0.002"/>
  <testcase name="headers[7]" classname="com.github.themeetgroup.kafka.connect.rabbitmq.source.data.MessageConverterTest" time="0.001"/>
  <testcase name="headers[8]" classname="com.github.themeetgroup.kafka.connect.rabbitmq.source.data.MessageConverterTest" time="0.001"/>
  <testcase name="headers[9]" classname="com.github.themeetgroup.kafka.connect.rabbitmq.source.data.MessageConverterTest" time="0.013"/>
  <testcase name="headers[10]" classname="com.github.themeetgroup.kafka.connect.rabbitmq.source.data.MessageConverterTest" time="0.002"/>
</testsuite>